<?xml version="1.0" encoding="UTF-8" ?>
<testsuite tests="4" failures="0" name="com.sndevops.eng.AppTest" time="0.001" errors="0" skipped="0">
  <properties>
[...]
</properties>
  <testcase classname="com.sndevops.eng.AppTest" name="testWidth" time="0.001"/>
  <testcase classname="com.sndevops.eng.AppTest" name="testBreadth" time="0"/>
  <testcase classname="com.sndevops.eng.AppTest" name="testEquals" time="0"/>
  <testcase classname="com.sndevops.eng.AppTest" name="testLength" time="0"/>
</testsuite>